TN:
SF:DTO\blog.dto.js
FN:2,BlogDTO
FNF:1
FNH:0
FNDA:0,BlogDTO
DA:1,1
DA:2,1
DA:3,0
DA:4,0
DA:5,0
DA:6,0
DA:7,0
DA:8,0
DA:9,0
DA:10,0
DA:11,0
DA:12,0
DA:13,0
DA:14,0
DA:15,1
DA:16,1
DA:17,1
LF:17
LH:5
BRF:0
BRH:0
end_of_record
TN:
SF:DTO\user.dto.js
FN:2,UserDTO
FNF:1
FNH:0
FNDA:0,UserDTO
DA:1,1
DA:2,1
DA:3,0
DA:4,0
DA:5,0
DA:6,0
DA:7,0
DA:8,0
DA:9,0
DA:10,0
DA:11,0
DA:12,0
DA:13,0
DA:14,0
DA:15,0
DA:16,0
DA:17,0
DA:18,1
DA:19,1
DA:20,1
LF:20
LH:5
BRF:0
BRH:0
end_of_record
TN:
SF:config\databaseSequelize.js
FN:10,connectToDB
FNF:1
FNH:0
FNDA:0,connectToDB
DA:1,1
DA:2,1
DA:3,1
DA:4,1
DA:5,1
DA:6,1
DA:7,1
DA:8,1
DA:9,1
DA:10,0
DA:11,0
DA:12,0
DA:13,0
DA:14,0
DA:15,0
DA:16,0
DA:17,0
DA:18,0
DA:19,1
DA:20,1
LF:20
LH:11
BRF:0
BRH:0
end_of_record
TN:
SF:controller\auth.controller.js
FN:8,userRegister
FN:42,userLogin
FNF:2
FNH:2
FNDA:4,userRegister
FNDA:4,userLogin
DA:1,1
DA:2,1
DA:3,1
DA:4,1
DA:5,1
DA:6,1
DA:7,1
DA:8,1
DA:9,4
DA:10,4
DA:11,4
DA:12,4
DA:13,4
DA:14,1
DA:15,1
DA:16,1
DA:17,1
DA:18,1
DA:19,3
DA:20,4
DA:21,4
DA:22,2
DA:23,2
DA:24,2
DA:25,1
DA:26,1
DA:27,1
DA:28,1
DA:29,1
DA:30,1
DA:31,1
DA:32,1
DA:33,1
DA:34,1
DA:35,1
DA:36,1
DA:37,1
DA:38,4
DA:39,1
DA:40,1
DA:41,1
DA:42,1
DA:43,4
DA:44,4
DA:45,4
DA:46,4
DA:47,4
DA:48,1
DA:49,1
DA:50,1
DA:51,1
DA:52,1
DA:53,3
DA:54,4
DA:55,4
DA:56,2
DA:57,2
DA:58,2
DA:59,2
DA:60,2
DA:61,2
DA:62,1
DA:63,1
DA:64,1
DA:65,1
DA:66,1
DA:67,1
DA:68,1
DA:69,1
DA:70,1
DA:71,1
DA:72,1
DA:73,1
DA:74,1
DA:75,4
DA:76,1
LF:76
LH:76
BRDA:8,0,0,4
BRDA:13,1,0,1
BRDA:18,2,0,3
BRDA:20,3,0,2
BRDA:21,4,0,1
BRDA:21,5,0,2
BRDA:24,6,0,1
BRDA:35,7,0,0
BRDA:42,8,0,4
BRDA:47,9,0,1
BRDA:52,10,0,3
BRDA:54,11,0,2
BRDA:55,12,0,1
BRDA:55,13,0,2
BRDA:61,14,0,1
BRDA:72,15,0,0
BRF:16
BRH:14
end_of_record
TN:
SF:controller\blog.controller.js
FN:11,createBlog
FN:41,getBlogById
FN:66,getAllBlogs
FN:81,updateBlog
FN:111,deleteBlog
FNF:5
FNH:5
FNDA:4,createBlog
FNDA:2,getBlogById
FNDA:2,getAllBlogs
FNDA:4,updateBlog
FNDA:3,deleteBlog
DA:1,1
DA:2,1
DA:3,1
DA:4,1
DA:5,1
DA:6,1
DA:7,1
DA:8,1
DA:9,1
DA:10,1
DA:11,1
DA:12,4
DA:13,4
DA:14,4
DA:15,4
DA:16,4
DA:17,4
DA:18,3
DA:19,3
DA:20,3
DA:21,3
DA:22,4
DA:23,4
DA:24,2
DA:25,2
DA:26,2
DA:27,2
DA:28,2
DA:29,2
DA:30,2
DA:31,1
DA:32,1
DA:33,1
DA:34,1
DA:35,1
DA:36,4
DA:37,1
DA:38,1
DA:39,1
DA:40,1
DA:41,1
DA:42,2
DA:43,2
DA:44,2
DA:45,2
DA:46,2
DA:47,2
DA:48,2
DA:49,2
DA:50,1
DA:51,1
DA:52,2
DA:53,1
DA:54,1
DA:55,1
DA:56,1
DA:57,1
DA:58,1
DA:59,1
DA:60,1
DA:61,2
DA:62,1
DA:63,1
DA:64,1
DA:65,1
DA:66,1
DA:67,2
DA:68,2
DA:69,2
DA:70,2
DA:71,2
DA:72,1
DA:73,1
DA:74,1
DA:75,1
DA:76,1
DA:77,1
DA:78,1
DA:79,1
DA:80,1
DA:81,1
DA:82,4
DA:83,4
DA:84,4
DA:85,4
DA:86,4
DA:87,4
DA:88,4
DA:89,4
DA:90,4
DA:91,1
DA:92,1
DA:93,3
DA:94,3
DA:95,3
DA:96,3
DA:97,3
DA:98,4
DA:99,1
DA:100,1
DA:101,1
DA:102,1
DA:103,1
DA:104,1
DA:105,1
DA:106,4
DA:107,1
DA:108,1
DA:109,1
DA:110,1
DA:111,1
DA:112,3
DA:113,3
DA:114,3
DA:115,3
DA:116,3
DA:117,3
DA:118,1
DA:119,1
DA:120,1
DA:121,1
DA:122,1
DA:123,1
DA:124,1
DA:125,3
DA:126,3
DA:127,3
DA:128,1
DA:129,1
DA:130,1
LF:130
LH:130
BRDA:11,0,0,4
BRDA:17,1,0,1
BRDA:17,2,0,3
BRDA:23,3,0,1
BRDA:23,4,0,2
BRDA:30,5,0,1
BRDA:41,6,0,2
BRDA:46,7,0,0
BRDA:49,8,0,1
BRDA:52,9,0,0
BRDA:52,10,0,1
BRDA:66,11,0,2
BRDA:71,12,0,1
BRDA:81,13,0,4
BRDA:86,14,0,0
BRDA:90,15,0,1
BRDA:92,16,0,3
BRDA:97,17,0,2
BRDA:98,18,0,1
BRDA:111,19,0,3
BRDA:116,20,0,2
BRDA:117,21,0,1
BRF:22
BRH:19
end_of_record
TN:
SF:controller\user.controller.js
FN:11,getUserByUsername
FN:39,getUsers
FN:54,updateUser
FN:104,deleteUser
FNF:4
FNH:4
FNDA:4,getUserByUsername
FNDA:2,getUsers
FNDA:4,updateUser
FNDA:3,deleteUser
DA:1,1
DA:2,1
DA:3,1
DA:4,1
DA:5,1
DA:6,1
DA:7,1
DA:8,1
DA:9,1
DA:10,1
DA:11,1
DA:12,4
DA:13,4
DA:14,4
DA:15,1
DA:16,1
DA:17,1
DA:18,3
DA:19,3
DA:20,3
DA:21,2
DA:22,4
DA:23,1
DA:24,1
DA:25,1
DA:26,1
DA:27,1
DA:28,1
DA:29,1
DA:30,1
DA:31,1
DA:32,1
DA:33,1
DA:34,4
DA:35,1
DA:36,1
DA:37,1
DA:38,1
DA:39,1
DA:40,2
DA:41,2
DA:42,2
DA:43,2
DA:44,2
DA:45,1
DA:46,1
DA:47,1
DA:48,1
DA:49,1
DA:50,1
DA:51,1
DA:52,1
DA:53,1
DA:54,1
DA:55,4
DA:56,4
DA:57,4
DA:58,4
DA:59,4
DA:60,0
DA:61,0
DA:62,0
DA:63,0
DA:64,0
DA:65,4
DA:66,4
DA:67,4
DA:68,3
DA:69,3
DA:70,3
DA:71,3
DA:72,4
DA:73,2
DA:74,2
DA:75,4
DA:76,0
DA:77,0
DA:78,0
DA:79,0
DA:80,0
DA:81,2
DA:82,2
DA:83,2
DA:84,2
DA:85,1
DA:86,1
DA:87,1
DA:88,1
DA:89,1
DA:90,1
DA:91,0
DA:92,0
DA:93,4
DA:94,1
DA:95,1
DA:96,1
DA:97,1
DA:98,1
DA:99,4
DA:100,1
DA:101,1
DA:102,1
DA:103,1
DA:104,1
DA:105,3
DA:106,3
DA:107,3
DA:108,3
DA:109,3
DA:110,2
DA:111,2
DA:112,2
DA:113,2
DA:114,1
DA:115,1
DA:116,1
DA:117,1
DA:118,1
DA:119,1
DA:120,0
DA:121,0
DA:122,0
DA:123,0
DA:124,0
DA:125,3
DA:126,1
DA:127,1
DA:128,1
DA:129,1
DA:130,1
DA:131,3
DA:132,3
DA:133,3
DA:134,1
DA:135,1
DA:136,1
LF:136
LH:119
BRDA:11,0,0,4
BRDA:14,1,0,1
BRDA:17,2,0,3
BRDA:20,3,0,2
BRDA:22,4,0,1
BRDA:39,5,0,2
BRDA:44,6,0,1
BRDA:54,7,0,4
BRDA:59,8,0,0
BRDA:67,9,0,1
BRDA:67,10,0,3
BRDA:72,11,0,1
BRDA:73,12,0,2
BRDA:75,13,0,0
BRDA:80,14,0,2
BRDA:84,15,0,1
BRDA:90,16,0,0
BRDA:93,17,0,1
BRDA:104,18,0,3
BRDA:109,19,0,1
BRDA:109,20,0,2
BRDA:113,21,0,1
BRDA:119,22,0,0
BRDA:125,23,0,1
BRF:24
BRH:20
end_of_record
TN:
SF:model\blog.model.js
FNF:0
FNH:0
DA:1,1
DA:2,1
DA:3,1
DA:4,1
DA:5,1
DA:6,1
DA:7,1
DA:8,1
DA:9,1
DA:10,1
DA:11,1
DA:12,1
DA:13,1
DA:14,1
DA:15,1
DA:16,1
DA:17,1
DA:18,1
DA:19,1
DA:20,1
DA:21,1
DA:22,1
DA:23,1
DA:24,1
DA:25,1
DA:26,1
DA:27,1
DA:28,1
DA:29,1
DA:30,1
DA:31,1
DA:32,1
DA:33,1
DA:34,1
DA:35,1
DA:36,1
DA:37,1
DA:38,1
DA:39,1
DA:40,1
DA:41,1
DA:42,1
DA:43,1
DA:44,1
DA:45,1
DA:46,1
DA:47,1
DA:48,1
DA:49,1
DA:50,1
DA:51,1
DA:52,1
DA:53,1
DA:54,1
DA:55,1
DA:56,1
DA:57,1
DA:58,1
LF:58
LH:58
BRF:0
BRH:0
end_of_record
TN:
SF:model\user.model.js
FN:67,beforeCreate
FN:72,beforeUpdate
FNF:2
FNH:0
FNDA:0,beforeCreate
FNDA:0,beforeUpdate
DA:1,1
DA:2,1
DA:3,1
DA:4,1
DA:5,1
DA:6,1
DA:7,1
DA:8,1
DA:9,1
DA:10,1
DA:11,1
DA:12,1
DA:13,1
DA:14,1
DA:15,1
DA:16,1
DA:17,1
DA:18,1
DA:19,1
DA:20,1
DA:21,1
DA:22,1
DA:23,1
DA:24,1
DA:25,1
DA:26,1
DA:27,1
DA:28,1
DA:29,1
DA:30,1
DA:31,1
DA:32,1
DA:33,1
DA:34,1
DA:35,1
DA:36,1
DA:37,1
DA:38,1
DA:39,1
DA:40,1
DA:41,1
DA:42,1
DA:43,1
DA:44,1
DA:45,1
DA:46,1
DA:47,1
DA:48,1
DA:49,1
DA:50,1
DA:51,1
DA:52,1
DA:53,1
DA:54,1
DA:55,1
DA:56,1
DA:57,1
DA:58,1
DA:59,1
DA:60,1
DA:61,1
DA:62,1
DA:63,1
DA:64,1
DA:65,1
DA:66,1
DA:67,1
DA:68,0
DA:69,0
DA:70,0
DA:71,1
DA:72,1
DA:73,0
DA:74,0
DA:75,0
DA:76,0
DA:77,0
DA:78,0
DA:79,1
DA:80,1
DA:81,1
DA:82,1
LF:82
LH:73
BRF:0
BRH:0
end_of_record
TN:
SF:repository\blog.repository.js
FN:3,getAllBlogs
FN:8,getBlogById
FN:13,createBlog
FN:17,updateBlog
FN:26,deleteBlog
FNF:5
FNH:5
FNDA:2,getAllBlogs
FNDA:2,getBlogById
FNDA:2,createBlog
FNDA:2,updateBlog
FNDA:2,deleteBlog
DA:1,1
DA:2,1
DA:3,1
DA:4,2
DA:5,2
DA:6,2
DA:7,1
DA:8,1
DA:9,2
DA:10,2
DA:11,2
DA:12,1
DA:13,1
DA:14,2
DA:15,2
DA:16,1
DA:17,1
DA:18,2
DA:19,2
DA:20,2
DA:21,2
DA:22,2
DA:23,2
DA:24,2
DA:25,1
DA:26,1
DA:27,2
DA:28,2
DA:29,2
DA:30,2
DA:31,1
DA:32,1
DA:33,1
DA:34,1
DA:35,1
DA:36,1
DA:37,1
DA:38,1
DA:39,1
LF:39
LH:39
BRDA:3,0,0,2
BRDA:8,1,0,2
BRDA:13,2,0,2
BRDA:17,3,0,2
BRDA:26,4,0,2
BRF:5
BRH:5
end_of_record
TN:
SF:repository\user.repository.js
FN:3,getAllUsers
FN:8,getUserByUsername
FN:13,createUser
FN:17,updateUser
FN:27,deleteUser
FNF:5
FNH:5
FNDA:2,getAllUsers
FNDA:2,getUserByUsername
FNDA:2,createUser
FNDA:2,updateUser
FNDA:2,deleteUser
DA:1,1
DA:2,1
DA:3,1
DA:4,2
DA:5,2
DA:6,2
DA:7,1
DA:8,1
DA:9,2
DA:10,2
DA:11,2
DA:12,1
DA:13,1
DA:14,2
DA:15,2
DA:16,1
DA:17,1
DA:18,2
DA:19,2
DA:20,2
DA:21,2
DA:22,2
DA:23,2
DA:24,2
DA:25,2
DA:26,1
DA:27,1
DA:28,2
DA:29,2
DA:30,2
DA:31,2
DA:32,1
DA:33,1
DA:34,1
DA:35,1
DA:36,1
DA:37,1
DA:38,1
DA:39,1
DA:40,1
DA:41,1
LF:41
LH:41
BRDA:3,0,0,2
BRDA:8,1,0,2
BRDA:13,2,0,2
BRDA:17,3,0,2
BRDA:27,4,0,2
BRF:5
BRH:5
end_of_record
TN:
SF:service\auth.service.js
FN:6,registerUser
FN:12,userLogin
FNF:2
FNH:2
FNDA:1,registerUser
FNDA:1,userLogin
DA:1,1
DA:2,1
DA:3,1
DA:4,1
DA:5,1
DA:6,1
DA:7,1
DA:8,1
DA:9,1
DA:10,1
DA:11,1
DA:12,1
DA:13,1
DA:14,1
DA:15,1
DA:16,1
DA:17,1
DA:18,1
DA:19,1
DA:20,1
DA:21,1
DA:22,0
DA:23,0
DA:24,1
DA:25,1
DA:26,1
DA:27,1
DA:28,1
DA:29,1
DA:30,1
LF:30
LH:28
BRDA:6,0,0,1
BRDA:12,1,0,1
BRDA:17,2,0,0
BRDA:21,3,0,0
BRF:4
BRH:2
end_of_record
TN:
SF:service\blog.service.js
FN:8,createBlog
FN:12,getAllBlogs
FN:22,getBlogById
FN:34,updateBlog
FN:38,deleteBlog
FNF:5
FNH:5
FNDA:2,createBlog
FNDA:2,getAllBlogs
FNDA:2,getBlogById
FNDA:2,updateBlog
FNDA:2,deleteBlog
DA:1,1
DA:2,1
DA:3,1
DA:4,1
DA:5,1
DA:6,1
DA:7,1
DA:8,1
DA:9,2
DA:10,1
DA:11,1
DA:12,1
DA:13,2
DA:14,2
DA:15,2
DA:16,2
DA:17,2
DA:18,2
DA:19,2
DA:20,1
DA:21,1
DA:22,1
DA:23,2
DA:24,2
DA:25,2
DA:26,2
DA:27,2
DA:28,2
DA:29,2
DA:30,2
DA:31,2
DA:32,1
DA:33,1
DA:34,1
DA:35,2
DA:36,1
DA:37,1
DA:38,1
DA:39,2
DA:40,2
DA:41,1
DA:42,1
LF:42
LH:42
BRDA:8,0,0,2
BRDA:12,1,0,2
BRDA:22,2,0,2
BRDA:27,3,0,0
BRDA:34,4,0,2
BRDA:38,5,0,2
BRF:6
BRH:5
end_of_record
TN:
SF:service\user.service.js
FN:9,createUser
FN:14,updateUser
FN:19,getAllUsers
FN:30,getUserByUsername
FN:43,getUserWithPassword
FN:58,deleteUser
FNF:6
FNH:6
FNDA:2,createUser
FNDA:2,updateUser
FNDA:2,getAllUsers
FNDA:2,getUserByUsername
FNDA:2,getUserWithPassword
FNDA:2,deleteUser
DA:1,1
DA:2,1
DA:3,1
DA:4,1
DA:5,1
DA:6,1
DA:7,1
DA:8,1
DA:9,1
DA:10,2
DA:11,1
DA:12,1
DA:13,1
DA:14,1
DA:15,2
DA:16,1
DA:17,1
DA:18,1
DA:19,1
DA:20,2
DA:21,2
DA:22,2
DA:23,2
DA:24,2
DA:25,2
DA:26,2
DA:27,1
DA:28,1
DA:29,1
DA:30,1
DA:31,2
DA:32,2
DA:33,2
DA:34,2
DA:35,2
DA:36,2
DA:37,2
DA:38,2
DA:39,2
DA:40,1
DA:41,1
DA:42,1
DA:43,1
DA:44,2
DA:45,2
DA:46,2
DA:47,2
DA:48,2
DA:49,2
DA:50,2
DA:51,2
DA:52,2
DA:53,2
DA:54,2
DA:55,1
DA:56,1
DA:57,1
DA:58,1
DA:59,2
DA:60,2
DA:61,2
DA:62,2
DA:63,1
DA:64,1
LF:64
LH:64
BRDA:9,0,0,2
BRDA:14,1,0,2
BRDA:19,2,0,2
BRDA:30,3,0,2
BRDA:35,4,0,0
BRDA:43,5,0,2
BRDA:48,6,0,0
BRDA:58,7,0,2
BRF:8
BRH:6
end_of_record
TN:
SF:tests\mockData.js
FNF:0
FNH:0
DA:1,1
DA:2,1
DA:3,1
DA:4,1
DA:5,1
DA:6,1
DA:7,1
DA:8,1
DA:9,1
DA:10,1
DA:11,1
DA:12,1
DA:13,1
DA:14,1
DA:15,1
DA:16,1
DA:17,1
DA:18,1
DA:19,1
DA:20,1
DA:21,1
DA:22,1
DA:23,1
DA:24,1
DA:25,1
DA:26,1
DA:27,1
DA:28,1
DA:29,1
DA:30,1
DA:31,1
DA:32,1
DA:33,1
DA:34,1
DA:35,1
DA:36,1
DA:37,1
DA:38,1
DA:39,1
DA:40,1
DA:41,1
DA:42,1
DA:43,1
DA:44,1
DA:45,1
DA:46,1
DA:47,1
DA:48,1
DA:49,1
DA:50,1
DA:51,1
DA:52,1
DA:53,1
DA:54,1
DA:55,1
DA:56,1
DA:57,1
DA:58,1
DA:59,1
DA:60,1
DA:61,1
DA:62,1
DA:63,1
DA:64,1
LF:64
LH:64
BRF:0
BRH:0
end_of_record
TN:
SF:utils\contentNegotiation.utils.js
FN:9,contentNegotiate
FNF:1
FNH:0
FNDA:0,contentNegotiate
DA:1,1
DA:2,1
DA:3,1
DA:4,1
DA:5,1
DA:6,1
DA:7,1
DA:8,1
DA:9,1
DA:10,0
DA:11,0
DA:12,0
DA:13,0
DA:14,0
DA:15,0
DA:16,0
DA:17,0
DA:18,0
DA:19,0
DA:20,0
DA:21,0
DA:22,0
DA:23,0
DA:24,0
DA:25,0
DA:26,0
DA:27,0
DA:28,0
DA:29,0
DA:30,0
DA:31,0
DA:32,0
DA:33,0
DA:34,0
DA:35,0
DA:36,0
DA:37,0
DA:38,0
DA:39,0
DA:40,0
DA:41,0
DA:42,0
DA:43,0
DA:44,0
DA:45,0
DA:46,0
DA:47,0
DA:48,0
DA:49,0
DA:50,0
DA:51,0
DA:52,0
DA:53,0
DA:54,0
DA:55,0
DA:56,0
DA:57,0
DA:58,0
DA:59,0
DA:60,0
DA:61,0
DA:62,0
DA:63,1
DA:64,1
DA:65,1
LF:65
LH:12
BRF:0
BRH:0
end_of_record
TN:
SF:utils\dtoDataList.utils.js
FN:6,getUsersList
FN:19,getBlogsList
FNF:2
FNH:0
FNDA:0,getUsersList
FNDA:0,getBlogsList
DA:1,1
DA:2,1
DA:3,1
DA:4,1
DA:5,1
DA:6,1
DA:7,0
DA:8,0
DA:9,0
DA:10,0
DA:11,0
DA:12,0
DA:13,0
DA:14,0
DA:15,0
DA:16,0
DA:17,1
DA:18,1
DA:19,1
DA:20,0
DA:21,0
DA:22,0
DA:23,0
DA:24,0
DA:25,0
DA:26,0
DA:27,0
DA:28,0
DA:29,0
DA:30,0
DA:31,1
DA:32,1
DA:33,1
DA:34,1
LF:34
LH:13
BRF:0
BRH:0
end_of_record
TN:
SF:utils\pagination.utils.js
FN:3,pagination
FN:20,calculateOffset
FNF:2
FNH:0
FNDA:0,pagination
FNDA:0,calculateOffset
DA:1,1
DA:2,1
DA:3,1
DA:4,0
DA:5,0
DA:6,0
DA:7,0
DA:8,0
DA:9,0
DA:10,0
DA:11,0
DA:12,0
DA:13,0
DA:14,0
DA:15,0
DA:16,0
DA:17,1
DA:18,1
DA:19,1
DA:20,1
DA:21,0
DA:22,0
DA:23,1
DA:24,1
LF:24
LH:9
BRF:0
BRH:0
end_of_record
TN:
SF:utils\requestValidation.utils.js
FN:3,isRequestBodyEmpty
FNF:1
FNH:0
FNDA:0,isRequestBodyEmpty
DA:1,1
DA:2,1
DA:3,1
DA:4,0
DA:5,0
DA:6,0
DA:7,0
DA:8,0
DA:9,0
DA:10,0
DA:11,1
DA:12,1
LF:12
LH:5
BRF:0
BRH:0
end_of_record
TN:
SF:utils\sequelizerValidition.utils.js
FN:3,sequelizerErrorValidation
FNF:1
FNH:0
FNDA:0,sequelizerErrorValidation
DA:1,1
DA:2,1
DA:3,1
DA:4,0
DA:5,0
DA:6,0
DA:7,0
DA:8,0
DA:9,0
DA:10,0
DA:11,0
DA:12,0
DA:13,0
DA:14,0
DA:15,0
DA:16,0
DA:17,0
DA:18,0
DA:19,1
DA:20,1
LF:20
LH:5
BRF:0
BRH:0
end_of_record
TN:
SF:utils\userValidation.utils.js
FN:8,convertToLowerCase
FN:14,generateUUID
FN:19,generateHashedPassword
FN:26,isParamValid
FN:33,compareHashedPassword
FN:40,generateAccessToken
FN:48,checkPasswordLength
FN:55,isNumeric
FNF:8
FNH:0
FNDA:0,convertToLowerCase
FNDA:0,generateUUID
FNDA:0,generateHashedPassword
FNDA:0,isParamValid
FNDA:0,compareHashedPassword
FNDA:0,generateAccessToken
FNDA:0,checkPasswordLength
FNDA:0,isNumeric
DA:1,1
DA:2,1
DA:3,1
DA:4,1
DA:5,1
DA:6,1
DA:7,1
DA:8,1
DA:9,0
DA:10,0
DA:11,1
DA:12,1
DA:13,1
DA:14,1
DA:15,0
DA:16,0
DA:17,1
DA:18,1
DA:19,1
DA:20,0
DA:21,0
DA:22,0
DA:23,0
DA:24,1
DA:25,1
DA:26,1
DA:27,0
DA:28,0
DA:29,0
DA:30,0
DA:31,1
DA:32,1
DA:33,1
DA:34,0
DA:35,0
DA:36,0
DA:37,0
DA:38,1
DA:39,1
DA:40,1
DA:41,0
DA:42,0
DA:43,0
DA:44,0
DA:45,0
DA:46,1
DA:47,1
DA:48,1
DA:49,0
DA:50,0
DA:51,0
DA:52,0
DA:53,1
DA:54,1
DA:55,1
DA:56,0
DA:57,0
DA:58,1
DA:59,1
LF:59
LH:32
BRF:0
BRH:0
end_of_record
