TN:
SF:DTO\blog.dto.js
FN:2,BlogDTO
FNF:1
FNH:0
FNDA:0,BlogDTO
DA:1,1
DA:2,1
DA:3,0
DA:4,0
DA:5,0
DA:6,0
DA:7,0
DA:8,0
DA:9,0
DA:10,0
DA:11,0
DA:12,0
DA:13,0
DA:14,0
DA:15,1
DA:16,1
DA:17,1
LF:17
LH:5
BRF:0
BRH:0
end_of_record
TN:
SF:DTO\user.dto.js
FN:2,UserDTO
FNF:1
FNH:0
FNDA:0,UserDTO
DA:1,1
DA:2,1
DA:3,0
DA:4,0
DA:5,0
DA:6,0
DA:7,0
DA:8,0
DA:9,0
DA:10,0
DA:11,0
DA:12,0
DA:13,0
DA:14,0
DA:15,0
DA:16,0
DA:17,0
DA:18,1
DA:19,1
DA:20,1
LF:20
LH:5
BRF:0
BRH:0
end_of_record
TN:
SF:config\databaseSequelize.js
FN:10,connectToDB
FNF:1
FNH:0
FNDA:0,connectToDB
DA:1,1
DA:2,1
DA:3,1
DA:4,1
DA:5,1
DA:6,1
DA:7,1
DA:8,1
DA:9,1
DA:10,0
DA:11,0
DA:12,0
DA:13,0
DA:14,0
DA:15,0
DA:16,0
DA:17,0
DA:18,0
DA:19,1
DA:20,1
LF:20
LH:11
BRF:0
BRH:0
end_of_record
TN:
SF:model\user.model.js
FN:67,beforeCreate
FN:72,beforeUpdate
FNF:2
FNH:0
FNDA:0,beforeCreate
FNDA:0,beforeUpdate
DA:1,1
DA:2,1
DA:3,1
DA:4,1
DA:5,1
DA:6,1
DA:7,1
DA:8,1
DA:9,1
DA:10,1
DA:11,1
DA:12,1
DA:13,1
DA:14,1
DA:15,1
DA:16,1
DA:17,1
DA:18,1
DA:19,1
DA:20,1
DA:21,1
DA:22,1
DA:23,1
DA:24,1
DA:25,1
DA:26,1
DA:27,1
DA:28,1
DA:29,1
DA:30,1
DA:31,1
DA:32,1
DA:33,1
DA:34,1
DA:35,1
DA:36,1
DA:37,1
DA:38,1
DA:39,1
DA:40,1
DA:41,1
DA:42,1
DA:43,1
DA:44,1
DA:45,1
DA:46,1
DA:47,1
DA:48,1
DA:49,1
DA:50,1
DA:51,1
DA:52,1
DA:53,1
DA:54,1
DA:55,1
DA:56,1
DA:57,1
DA:58,1
DA:59,1
DA:60,1
DA:61,1
DA:62,1
DA:63,1
DA:64,1
DA:65,1
DA:66,1
DA:67,1
DA:68,0
DA:69,0
DA:70,0
DA:71,1
DA:72,1
DA:73,0
DA:74,0
DA:75,0
DA:76,0
DA:77,0
DA:78,0
DA:79,1
DA:80,1
DA:81,1
DA:82,1
LF:82
LH:73
BRF:0
BRH:0
end_of_record
TN:
SF:repository\user.repository.js
FN:3,getAllUsers
FN:8,getUserByUsername
FN:13,createUser
FN:17,updateUser
FN:27,deleteUser
FNF:5
FNH:0
FNDA:0,getAllUsers
FNDA:0,getUserByUsername
FNDA:0,createUser
FNDA:0,updateUser
FNDA:0,deleteUser
DA:1,1
DA:2,1
DA:3,1
DA:4,0
DA:5,0
DA:6,0
DA:7,1
DA:8,1
DA:9,0
DA:10,0
DA:11,0
DA:12,1
DA:13,1
DA:14,0
DA:15,0
DA:16,1
DA:17,1
DA:18,0
DA:19,0
DA:20,0
DA:21,0
DA:22,0
DA:23,0
DA:24,0
DA:25,0
DA:26,1
DA:27,1
DA:28,0
DA:29,0
DA:30,0
DA:31,0
DA:32,1
DA:33,1
DA:34,1
DA:35,1
DA:36,1
DA:37,1
DA:38,1
DA:39,1
DA:40,1
DA:41,1
LF:41
LH:21
BRF:0
BRH:0
end_of_record
TN:
SF:service\user.service.js
FN:9,createUser
FN:14,updateUser
FN:19,getAllUsers
FN:30,getUserByUsername
FN:43,getUserWithPassword
FN:58,deleteUser
FNF:6
FNH:6
FNDA:2,createUser
FNDA:2,updateUser
FNDA:2,getAllUsers
FNDA:2,getUserByUsername
FNDA:2,getUserWithPassword
FNDA:2,deleteUser
DA:1,1
DA:2,1
DA:3,1
DA:4,1
DA:5,1
DA:6,1
DA:7,1
DA:8,1
DA:9,1
DA:10,2
DA:11,1
DA:12,1
DA:13,1
DA:14,1
DA:15,2
DA:16,1
DA:17,1
DA:18,1
DA:19,1
DA:20,2
DA:21,2
DA:22,2
DA:23,2
DA:24,2
DA:25,2
DA:26,2
DA:27,1
DA:28,1
DA:29,1
DA:30,1
DA:31,2
DA:32,2
DA:33,2
DA:34,2
DA:35,2
DA:36,2
DA:37,2
DA:38,2
DA:39,2
DA:40,1
DA:41,1
DA:42,1
DA:43,1
DA:44,2
DA:45,2
DA:46,2
DA:47,2
DA:48,2
DA:49,2
DA:50,2
DA:51,2
DA:52,2
DA:53,2
DA:54,2
DA:55,1
DA:56,1
DA:57,1
DA:58,1
DA:59,2
DA:60,2
DA:61,2
DA:62,2
DA:63,1
DA:64,1
LF:64
LH:64
BRDA:9,0,0,2
BRDA:14,1,0,2
BRDA:19,2,0,2
BRDA:30,3,0,2
BRDA:35,4,0,0
BRDA:43,5,0,2
BRDA:48,6,0,0
BRDA:58,7,0,2
BRF:8
BRH:6
end_of_record
TN:
SF:tests\mockData.js
FNF:0
FNH:0
DA:1,1
DA:2,1
DA:3,1
DA:4,1
DA:5,1
DA:6,1
DA:7,1
DA:8,1
DA:9,1
DA:10,1
DA:11,1
DA:12,1
DA:13,1
DA:14,1
DA:15,1
DA:16,1
DA:17,1
DA:18,1
DA:19,1
DA:20,1
DA:21,1
DA:22,1
DA:23,1
DA:24,1
DA:25,1
DA:26,1
DA:27,1
DA:28,1
DA:29,1
DA:30,1
DA:31,1
DA:32,1
DA:33,1
DA:34,1
DA:35,1
DA:36,1
DA:37,1
DA:38,1
DA:39,1
DA:40,1
DA:41,1
DA:42,1
DA:43,1
DA:44,1
DA:45,1
DA:46,1
DA:47,1
DA:48,1
DA:49,1
DA:50,1
DA:51,1
DA:52,1
DA:53,1
DA:54,1
DA:55,1
DA:56,1
DA:57,1
DA:58,1
DA:59,1
DA:60,1
DA:61,1
DA:62,1
DA:63,1
DA:64,1
LF:64
LH:64
BRF:0
BRH:0
end_of_record
TN:
SF:utils\dtoDataList.utils.js
FN:6,getUsersList
FN:19,getBlogsList
FNF:2
FNH:0
FNDA:0,getUsersList
FNDA:0,getBlogsList
DA:1,1
DA:2,1
DA:3,1
DA:4,1
DA:5,1
DA:6,1
DA:7,0
DA:8,0
DA:9,0
DA:10,0
DA:11,0
DA:12,0
DA:13,0
DA:14,0
DA:15,0
DA:16,0
DA:17,1
DA:18,1
DA:19,1
DA:20,0
DA:21,0
DA:22,0
DA:23,0
DA:24,0
DA:25,0
DA:26,0
DA:27,0
DA:28,0
DA:29,0
DA:30,0
DA:31,1
DA:32,1
DA:33,1
DA:34,1
LF:34
LH:13
BRF:0
BRH:0
end_of_record
TN:
SF:utils\pagination.utils.js
FN:3,pagination
FN:20,calculateOffset
FNF:2
FNH:0
FNDA:0,pagination
FNDA:0,calculateOffset
DA:1,1
DA:2,1
DA:3,1
DA:4,0
DA:5,0
DA:6,0
DA:7,0
DA:8,0
DA:9,0
DA:10,0
DA:11,0
DA:12,0
DA:13,0
DA:14,0
DA:15,0
DA:16,0
DA:17,1
DA:18,1
DA:19,1
DA:20,1
DA:21,0
DA:22,0
DA:23,1
DA:24,1
LF:24
LH:9
BRF:0
BRH:0
end_of_record
TN:
SF:utils\userValidation.utils.js
FN:8,convertToLowerCase
FN:14,generateUUID
FN:19,generateHashedPassword
FN:26,isParamValid
FN:33,compareHashedPassword
FN:40,generateAccessToken
FN:48,checkPasswordLength
FN:55,isNumeric
FNF:8
FNH:0
FNDA:0,convertToLowerCase
FNDA:0,generateUUID
FNDA:0,generateHashedPassword
FNDA:0,isParamValid
FNDA:0,compareHashedPassword
FNDA:0,generateAccessToken
FNDA:0,checkPasswordLength
FNDA:0,isNumeric
DA:1,1
DA:2,1
DA:3,1
DA:4,1
DA:5,1
DA:6,1
DA:7,1
DA:8,1
DA:9,0
DA:10,0
DA:11,1
DA:12,1
DA:13,1
DA:14,1
DA:15,0
DA:16,0
DA:17,1
DA:18,1
DA:19,1
DA:20,0
DA:21,0
DA:22,0
DA:23,0
DA:24,1
DA:25,1
DA:26,1
DA:27,0
DA:28,0
DA:29,0
DA:30,0
DA:31,1
DA:32,1
DA:33,1
DA:34,0
DA:35,0
DA:36,0
DA:37,0
DA:38,1
DA:39,1
DA:40,1
DA:41,0
DA:42,0
DA:43,0
DA:44,0
DA:45,0
DA:46,1
DA:47,1
DA:48,1
DA:49,0
DA:50,0
DA:51,0
DA:52,0
DA:53,1
DA:54,1
DA:55,1
DA:56,0
DA:57,0
DA:58,1
DA:59,1
LF:59
LH:32
BRF:0
BRH:0
end_of_record
